# JRE version: OpenJDK Runtime Environment (21.0.7) (build 21.0.7+-13880790-b1038.58)
# Java VM: OpenJDK 64-Bit Server VM (21.0.7+-13880790-b1038.58, mixed mode, tiered, compressed oops, compressed class ptrs, g1 gc, windows-amd64)
GC Precious Log:
 CardTable entry size: 512
 Card Set container configuration: InlinePtr #cards 4 size 8 Array Of Cards #cards 32 size 80 Howl #buckets 8 coarsen threshold 7372 Howl Bitmap #cards 1024 size 144 coarsen threshold 921 Card regions per heap region 1 cards per card region 8192
 CPUs: 12 total, 12 available
 Memory: 16068M
 Large Page Support: Disabled
 NUMA Support: Disabled
 Compressed Oops: Enabled (Zero based)
 Heap Region Size: 4M
 Heap Min Capacity: 8M
 Heap Initial Capacity: 252M
 Heap Max Capacity: 8G
 Pre-touch: Disabled
 Parallel Workers: 10
 Concurrent Workers: 3
 Concurrent Refinement Workers: 10
 Periodic GC: Disabled
Heap:
 garbage-first heap   total 122880K, used 66943K [0x0000000600000000, 0x0000000800000000)
  region size 4096K, 4 young (16384K), 1 survivors (4096K)
 Metaspace       used 74923K, committed 76736K, reserved 1179648K
  class space    used 10584K, committed 11456K, reserved 1048576K
GC Heap History (20 events):
Event: 6.225 GC heap before
{Heap before GC invocations=7 (full 0):
 garbage-first heap   total 98304K, used 25990K [0x0000000600000000, 0x0000000800000000)
  region size 4096K, 3 young (12288K), 2 survivors (8192K)
 Metaspace       used 35349K, committed 36096K, reserved 1114112K
  class space    used 4785K, committed 5120K, reserved 1048576K
}
Event: 6.228 GC heap after
{Heap after GC invocations=8 (full 0):
 garbage-first heap   total 98304K, used 26391K [0x0000000600000000, 0x0000000800000000)
  region size 4096K, 1 young (4096K), 1 survivors (4096K)
 Metaspace       used 35349K, committed 36096K, reserved 1114112K
  class space    used 4785K, committed 5120K, reserved 1048576K
}
Event: 6.798 GC heap before
{Heap before GC invocations=9 (full 0):
 garbage-first heap   total 98304K, used 75543K [0x0000000600000000, 0x0000000800000000)
  region size 4096K, 14 young (57344K), 1 survivors (4096K)
 Metaspace       used 42840K, committed 43776K, reserved 1114112K
  class space    used 5680K, committed 6144K, reserved 1048576K
}
Event: 6.802 GC heap after
{Heap after GC invocations=10 (full 0):
 garbage-first heap   total 98304K, used 30907K [0x0000000600000000, 0x0000000800000000)
  region size 4096K, 2 young (8192K), 2 survivors (8192K)
 Metaspace       used 42840K, committed 43776K, reserved 1114112K
  class space    used 5680K, committed 6144K, reserved 1048576K
}
Event: 7.215 GC heap before
{Heap before GC invocations=10 (full 0):
 garbage-first heap   total 98304K, used 75963K [0x0000000600000000, 0x0000000800000000)
  region size 4096K, 14 young (57344K), 2 survivors (8192K)
 Metaspace       used 46812K, committed 47872K, reserved 1114112K
  class space    used 6206K, committed 6720K, reserved 1048576K
}
Event: 7.220 GC heap after
{Heap after GC invocations=11 (full 0):
 garbage-first heap   total 98304K, used 32340K [0x0000000600000000, 0x0000000800000000)
  region size 4096K, 1 young (4096K), 1 survivors (4096K)
 Metaspace       used 46812K, committed 47872K, reserved 1114112K
  class space    used 6206K, committed 6720K, reserved 1048576K
}
Event: 7.843 GC heap before
{Heap before GC invocations=11 (full 0):
 garbage-first heap   total 98304K, used 81492K [0x0000000600000000, 0x0000000800000000)
  region size 4096K, 13 young (53248K), 1 survivors (4096K)
 Metaspace       used 52719K, committed 54144K, reserved 1114112K
  class space    used 7176K, committed 7872K, reserved 1048576K
}
Event: 7.846 GC heap after
{Heap after GC invocations=12 (full 0):
 garbage-first heap   total 118784K, used 34575K [0x0000000600000000, 0x0000000800000000)
  region size 4096K, 2 young (8192K), 2 survivors (8192K)
 Metaspace       used 52719K, committed 54144K, reserved 1114112K
  class space    used 7176K, committed 7872K, reserved 1048576K
}
Event: 8.494 GC heap before
{Heap before GC invocations=12 (full 0):
 garbage-first heap   total 118784K, used 96015K [0x0000000600000000, 0x0000000800000000)
  region size 4096K, 17 young (69632K), 2 survivors (8192K)
 Metaspace       used 57192K, committed 58752K, reserved 1114112K
  class space    used 7943K, committed 8704K, reserved 1048576K
}
Event: 8.498 GC heap after
{Heap after GC invocations=13 (full 0):
 garbage-first heap   total 118784K, used 37321K [0x0000000600000000, 0x0000000800000000)
  region size 4096K, 2 young (8192K), 2 survivors (8192K)
 Metaspace       used 57192K, committed 58752K, reserved 1114112K
  class space    used 7943K, committed 8704K, reserved 1048576K
}
Event: 8.630 GC heap before
{Heap before GC invocations=13 (full 0):
 garbage-first heap   total 118784K, used 49609K [0x0000000600000000, 0x0000000800000000)
  region size 4096K, 6 young (24576K), 2 survivors (8192K)
 Metaspace       used 58912K, committed 60416K, reserved 1114112K
  class space    used 8198K, committed 8960K, reserved 1048576K
}
Event: 8.635 GC heap after
{Heap after GC invocations=14 (full 0):
 garbage-first heap   total 118784K, used 37683K [0x0000000600000000, 0x0000000800000000)
  region size 4096K, 2 young (8192K), 2 survivors (8192K)
 Metaspace       used 58912K, committed 60416K, reserved 1114112K
  class space    used 8198K, committed 8960K, reserved 1048576K
}
Event: 9.374 GC heap before
{Heap before GC invocations=15 (full 0):
 garbage-first heap   total 118784K, used 99123K [0x0000000600000000, 0x0000000800000000)
  region size 4096K, 17 young (69632K), 2 survivors (8192K)
 Metaspace       used 63368K, committed 65088K, reserved 1114112K
  class space    used 8947K, committed 9792K, reserved 1048576K
}
Event: 9.380 GC heap after
{Heap after GC invocations=16 (full 0):
 garbage-first heap   total 118784K, used 42277K [0x0000000600000000, 0x0000000800000000)
  region size 4096K, 3 young (12288K), 3 survivors (12288K)
 Metaspace       used 63368K, committed 65088K, reserved 1114112K
  class space    used 8947K, committed 9792K, reserved 1048576K
}
Event: 9.960 GC heap before
{Heap before GC invocations=16 (full 0):
 garbage-first heap   total 118784K, used 95525K [0x0000000600000000, 0x0000000800000000)
  region size 4096K, 16 young (65536K), 3 survivors (12288K)
 Metaspace       used 68610K, committed 70336K, reserved 1114112K
  class space    used 9699K, committed 10560K, reserved 1048576K
}
Event: 9.968 GC heap after
{Heap after GC invocations=17 (full 0):
 garbage-first heap   total 122880K, used 51443K [0x0000000600000000, 0x0000000800000000)
  region size 4096K, 2 young (8192K), 2 survivors (8192K)
 Metaspace       used 68610K, committed 70336K, reserved 1114112K
  class space    used 9699K, committed 10560K, reserved 1048576K
}
Event: 12.757 GC heap before
{Heap before GC invocations=17 (full 0):
 garbage-first heap   total 122880K, used 100595K [0x0000000600000000, 0x0000000800000000)
  region size 4096K, 14 young (57344K), 2 survivors (8192K)
 Metaspace       used 73594K, committed 75328K, reserved 1114112K
  class space    used 10391K, committed 11264K, reserved 1048576K
}
Event: 12.762 GC heap after
{Heap after GC invocations=18 (full 0):
 garbage-first heap   total 122880K, used 54490K [0x0000000600000000, 0x0000000800000000)
  region size 4096K, 1 young (4096K), 1 survivors (4096K)
 Metaspace       used 73594K, committed 75328K, reserved 1114112K
  class space    used 10391K, committed 11264K, reserved 1048576K
}
Event: 12.864 GC heap before
{Heap before GC invocations=18 (full 0):
 garbage-first heap   total 122880K, used 62682K [0x0000000600000000, 0x0000000800000000)
  region size 4096K, 4 young (16384K), 1 survivors (4096K)
 Metaspace       used 74365K, committed 76160K, reserved 1114112K
  class space    used 10499K, committed 11392K, reserved 1048576K
}
Event: 12.867 GC heap after
{Heap after GC invocations=19 (full 0):
 garbage-first heap   total 122880K, used 54655K [0x0000000600000000, 0x0000000800000000)
  region size 4096K, 1 young (4096K), 1 survivors (4096K)
 Metaspace       used 74365K, committed 76160K, reserved 1114112K
  class space    used 10499K, committed 11392K, reserved 1048576K
}

